2017-03-09 09:24:30 {"userid":"2016121288yiqiang","cmd":"open","deviceid":"063072915404","serialnum":1489022670,"sign":"9ef082d74117ea99c48514b88d883c58"}
2017-03-09 09:24:30 
2017-03-09 11:19:18 {"userid":"2016121288yiqiang","cmd":"open","deviceid":"063072915404","serialnum":1489029558,"sign":"67d642e29ee2c0149539751ed900a3cf"}
2017-03-09 11:19:18 
2017-03-09 13:57:38 {"userid":"2016121288yiqiang","cmd":"open","deviceid":"063072915404","serialnum":1489039058,"sign":"185409ad3b0ff56bc8d8254b1f848de7"}
2017-03-09 13:57:38 
2017-03-09 13:58:54 {"userid":"2016121288yiqiang","cmd":"open","deviceid":"063072915404","serialnum":1489039134,"sign":"dc25a72404c0a8b64fda2d0d45239b42"}
2017-03-09 13:58:54 
2017-03-09 14:06:09 {"userid":"2016121288yiqiang","cmd":"open","deviceid":"063072915404","serialnum":1489039569,"sign":"b662e76c75fb3cf88f709965cdfe41f3"}
2017-03-09 14:06:09 
2017-03-09 14:09:19 {"userid":"2016121288yiqiang","cmd":"open","deviceid":"063072915404","serialnum":1489039759,"sign":"9982918c9f7e82a62c9b151e76542abd"}
2017-03-09 14:09:20 
2017-03-09 14:11:15 {"userid":"2016121288yiqiang","cmd":"open","deviceid":"063072915404","serialnum":1489039875,"sign":"bb23e0808a11c0182670010ef00767fb"}
2017-03-09 14:11:15 
2017-03-09 14:15:02 {"userid":"2016121288yiqiang","cmd":"open","deviceid":"063072915404","serialnum":1489040102,"sign":"b86e961235c49b083df367af8ee6ac38"}
2017-03-09 14:15:02 
2017-03-09 14:39:25 {"userid":"2016121288yiqiang","cmd":"open","deviceid":"063072915404","serialnum":1489041565,"sign":"f030170b2afb17efb8fda16a4c407200"}
2017-03-09 14:39:25 
2017-03-09 15:01:13 {"userid":"2016121288yiqiang","cmd":"open","deviceid":"063072915404","serialnum":1489042873,"sign":"0ecc52949b65b598a50f5f4cbce396a0"}
2017-03-09 15:01:13 
2017-03-09 15:10:03 {"userid":"2016121288yiqiang","cmd":"open","deviceid":"063072915404","serialnum":1489043403,"sign":"eae28735fb5058d0f59ca85db5fbc775"}
2017-03-09 15:10:03 
2017-03-09 15:16:12 {"userid":"2016121288yiqiang","cmd":"open","deviceid":"063072915404","serialnum":1489043772,"sign":"66882245a421c9d91c7878c0384c185d"}
2017-03-09 15:16:12 
2017-03-09 15:17:00 {"userid":"2016121288yiqiang","cmd":"open","deviceid":"063072915404","serialnum":1489043820,"sign":"1a28284403b205beb9905207ac61e908"}
2017-03-09 15:17:00 
2017-03-09 15:18:39 {"userid":"2016121288yiqiang","cmd":"open","deviceid":"063072915404","serialnum":1489043919,"sign":"51aa58e80f8be59229d1c7fec5e68395"}
2017-03-09 15:18:39 
2017-03-09 18:10:12 {"userid":"2016121288yiqiang","cmd":"open","deviceid":"063072915404","serialnum":1489054212,"sign":"c41681f56aefdb1e866f293738c26134"}
2017-03-09 18:10:12 
2017-03-09 18:18:11 {"userid":"2016121288yiqiang","cmd":"open","deviceid":"063072915404","serialnum":1489054691,"sign":"f9531760e00f73bdcb5216bb9d65135b"}
2017-03-09 18:18:11 
2017-03-09 20:25:08 {"userid":"2016121288yiqiang","cmd":"open","deviceid":"063072915404","serialnum":1489062308,"sign":"683fd584d7aa6c57f082f3e6810ca72d"}
2017-03-09 20:25:08 
2017-03-09 20:56:22 {"userid":"2016121288yiqiang","cmd":"open","deviceid":"063072915404","serialnum":1489064182,"sign":"9d7dba61407542b979ba97cbae784476"}
2017-03-09 20:56:22 
2017-03-09 20:59:07 {"userid":"2016121288yiqiang","cmd":"open","deviceid":"063072915404","serialnum":1489064347,"sign":"5132289f9f74572d70cf7376ff04afe8"}
2017-03-09 20:59:07 
2017-03-09 21:08:44 {"userid":"2016121288yiqiang","cmd":"open","deviceid":"063072915404","serialnum":1489064924,"sign":"f52cf8fb64ce11323fffa88e9d9a17bf"}
2017-03-09 21:08:44 
2017-03-09 21:10:13 {"userid":"2016121288yiqiang","cmd":"open","deviceid":"063072915404","serialnum":1489065013,"sign":"c068e4f241176847275e783e69cb8bfd"}
2017-03-09 21:10:13 
2017-03-09 21:12:12 {"userid":"2016121288yiqiang","cmd":"open","deviceid":"063072915404","serialnum":1489065132,"sign":"cfc4f4e30892b8a5e3723ce1e23d4f0b"}
2017-03-09 21:12:12 
2017-03-09 21:16:54 {"userid":"2016121288yiqiang","cmd":"open","deviceid":"063072915404","serialnum":1489065414,"sign":"c0a46b55d02d9d968489c26ef752a559"}
2017-03-09 21:16:54 
2017-03-09 21:35:18 {"userid":"2016121288yiqiang","cmd":"open","deviceid":"063072915404","serialnum":1489066518,"sign":"c9843747f415c25b884c0c249a2d5896"}
2017-03-09 21:35:19 
2017-03-09 21:38:58 {"userid":"2016121288yiqiang","cmd":"open","deviceid":"063072632892","serialnum":1489066738,"sign":"82e860f3344b1d0457f2f7a54118bc41"}
2017-03-09 21:38:58 
2017-03-09 21:41:31 {"userid":"2016121288yiqiang","cmd":"open","deviceid":"063072619956","serialnum":1489066891,"sign":"30d90a8fce7e95f13e942ed1fd3f0a85"}
2017-03-09 21:41:31 
2017-03-09 21:44:28 {"userid":"2016121288yiqiang","cmd":"open","deviceid":"063072619956","serialnum":1489067068,"sign":"71e4783ecb55d385dbece65f10175472"}
2017-03-09 21:44:28 
2017-03-09 21:46:11 {"userid":"2016121288yiqiang","cmd":"open","deviceid":"063072632892","serialnum":1489067171,"sign":"f6cbdd7375657cf55433d7ab785f6cac"}
2017-03-09 21:46:11 
2017-03-09 21:49:23 {"userid":"2016121288yiqiang","cmd":"open","deviceid":"063072632892","serialnum":1489067363,"sign":"49287bd79dc264e0cf58a72604d49d25"}
2017-03-09 21:49:23 
2017-03-09 21:49:49 {"userid":"2016121288yiqiang","cmd":"open","deviceid":"063072965557","serialnum":1489067389,"sign":"93470ecb1cdee33ac3720f8048aab1e6"}
2017-03-09 21:49:49 
2017-03-09 22:55:26 {"userid":"2016121288yiqiang","cmd":"open","deviceid":"063072619956","serialnum":1489071326,"sign":"99802eb68e4ba0929f3e1450a680019a"}
2017-03-09 22:55:26 
2017-03-10 09:03:55 {"userid":"2016121288yiqiang","cmd":"open","deviceid":"063072620632","serialnum":1489107835,"sign":"fbdef01d1db80ae886dabdc3ac44a82f"}
2017-03-10 09:03:55 
2017-03-10 09:04:29 {"userid":"2016121288yiqiang","cmd":"open","deviceid":"063072620632","serialnum":1489107869,"sign":"b4c02fb839dae5a983811dab48430733"}
2017-03-10 09:04:29 
2017-03-10 11:33:20 {"userid":"2016121288yiqiang","cmd":"open","deviceid":"063072942572","serialnum":1489116800,"sign":"eac03af05840521232d3614ff8679e2a"}
2017-03-10 11:33:20 
2017-03-10 11:36:05 {"userid":"2016121288yiqiang","cmd":"open","deviceid":"063072942572","serialnum":1489116965,"sign":"adc26a4b9db11632e584bc563c41b4a5"}
2017-03-10 11:36:05 
2017-03-10 13:27:01 {"userid":"2016121288yiqiang","cmd":"open","deviceid":"063072915404","serialnum":1489123621,"sign":"2d3701aad720758d6cd0390bc66ea785"}
2017-03-10 13:27:01 
2017-03-10 14:30:58 {"userid":"2016121288yiqiang","cmd":"open","deviceid":"063072913722","serialnum":1489127458,"sign":"38f3f7f1a929d5b5a5cf9329cf56b1a7"}
2017-03-10 14:30:58 
2017-03-10 14:31:54 {"userid":"2016121288yiqiang","cmd":"open","deviceid":"063072913722","serialnum":1489127514,"sign":"26c0c85069ee996bff622be8ec51c12f"}
2017-03-10 14:31:54 
2017-03-10 14:39:40 {"userid":"2016121288yiqiang","cmd":"open","deviceid":"063072942572","serialnum":1489127980,"sign":"50ab25102e92d31edb0bd6ac771c5f22"}
2017-03-10 14:39:40 
2017-03-10 14:42:46 {"userid":"2016121288yiqiang","cmd":"open","deviceid":"630071787127","serialnum":1489128166,"sign":"658da9970cd174da5422f9e0992c3801"}
2017-03-10 14:42:46 
2017-03-10 14:51:56 {"userid":"2016121288yiqiang","cmd":"open","deviceid":"063072998145","serialnum":1489128716,"sign":"4dddc320d30dc093fbc92c8cd43042b0"}
2017-03-10 14:51:56 
2017-03-10 14:52:30 {"userid":"2016121288yiqiang","cmd":"open","deviceid":"063072998145","serialnum":1489128750,"sign":"62c2d77a12015fef9783ad02bfb3001a"}
2017-03-10 14:52:30 
2017-03-10 14:59:32 {"userid":"2016121288yiqiang","cmd":"open","deviceid":"630071787127","serialnum":1489129172,"sign":"4efe02ce1d6fb71b2f263a96e29e08f7"}
2017-03-10 14:59:32 
2017-03-10 14:59:32 {"userid":"2016121288yiqiang","cmd":"open","deviceid":"063072942572","serialnum":1489129172,"sign":"16b147d0de0c41aa8cfa29cf3844a314"}
2017-03-10 14:59:32 
2017-03-10 15:03:54 {"userid":"2016121288yiqiang","cmd":"open","deviceid":"630071787127","serialnum":1489129434,"sign":"f1166e759f4eeb17712c59d173a09b78"}
2017-03-10 15:03:54 
2017-03-10 15:07:17 {"userid":"2016121288yiqiang","cmd":"open","deviceid":"630071787127","serialnum":1489129637,"sign":"80c3dc623d6ef50c54acb3dc78c750d9"}
2017-03-10 15:07:17 
2017-03-10 15:09:12 {"userid":"2016121288yiqiang","cmd":"open","deviceid":"063072942572","serialnum":1489129752,"sign":"abdcfcc011e71ddebd9bda1aef6dd78c"}
2017-03-10 15:09:12 
2017-03-10 15:29:20 {"userid":"2016121288yiqiang","cmd":"open","deviceid":"063072998145","serialnum":1489130960,"sign":"4fd16d6f80fc2be7d6868a1e17de00ef"}
2017-03-10 15:29:20 
2017-03-10 15:39:40 {"userid":"2016121288yiqiang","cmd":"open","deviceid":"063072998145","serialnum":1489131580,"sign":"75062fb9e2e69579c7b6c9ecab0049d0"}
2017-03-10 15:39:40 
2017-03-10 16:00:13 {"userid":"2016121288yiqiang","cmd":"open","deviceid":"063072998145","serialnum":1489132813,"sign":"bc94b28366fd9b3a620294361485960c"}
2017-03-10 16:00:13 
2017-03-10 18:00:26 {"userid":"2016121288yiqiang","cmd":"open","deviceid":"063072913722","serialnum":1489140026,"sign":"6eec2d640868e6c89e28d9cc6d47cc8f"}
2017-03-10 18:00:26 
2017-03-10 18:01:51 {"userid":"2016121288yiqiang","cmd":"open","deviceid":"630071787127","serialnum":1489140111,"sign":"7beb29ee6160d8aa803bbac79bae7ffc"}
2017-03-10 18:01:51 
2017-03-10 18:06:04 {"userid":"2016121288yiqiang","cmd":"beep","deviceid":"063072620632","serialnum":1489140364,"sign":"c15d485aecefaa9d9b53e584ca5e2587"}
2017-03-10 18:06:04 
2017-03-10 18:08:06 {"userid":"2016121288yiqiang","cmd":"beep","deviceid":"063072632892","serialnum":1489140486,"sign":"be6593e885c042afbd8f15c95c814697"}
2017-03-10 18:08:06 
2017-03-10 18:08:48 {"userid":"2016121288yiqiang","cmd":"open","deviceid":"063072913722","serialnum":1489140528,"sign":"5cd898b39cc2060da561b1e7b112f43f"}
2017-03-10 18:08:48 
2017-03-10 18:17:54 {"userid":"2016121288yiqiang","cmd":"open","deviceid":"063072913722","serialnum":1489141074,"sign":"71e33b9b23f1018d47a137899c2e339c"}
2017-03-10 18:17:54 
2017-03-10 18:52:17 {"userid":"2016121288yiqiang","cmd":"beep","deviceid":"063072632892","serialnum":1489143137,"sign":"3a26aa87898595da19969818a2e4b9ce"}
2017-03-10 18:52:17 
2017-03-10 18:58:25 {"userid":"2016121288yiqiang","cmd":"beep","deviceid":"063072915404","serialnum":1489143505,"sign":"1b595180059c329de8ec6c72e64f9b29"}
2017-03-10 18:58:25 
2017-03-10 18:58:40 {"userid":"2016121288yiqiang","cmd":"beep","deviceid":"063072915404","serialnum":1489143520,"sign":"8cbe7b5bcf0b93e88be6be6d93f88ee2"}
2017-03-10 18:58:40 
2017-03-10 18:58:47 {"userid":"2016121288yiqiang","cmd":"beep","deviceid":"063072915404","serialnum":1489143527,"sign":"e50a6b2d9fac463110e2fefaaaf8bc18"}
2017-03-10 18:58:47 
2017-03-10 19:29:48 {"userid":"2016121288yiqiang","cmd":"beep","deviceid":"063072915404","serialnum":1489145388,"sign":"6beded09244f7ff4f15aeb3c7577f903"}
2017-03-10 19:29:48 
2017-03-10 19:30:47 {"userid":"2016121288yiqiang","cmd":"beep","deviceid":"063072632892","serialnum":1489145447,"sign":"bffb39f6950a0382f04f2fd3e4b02531"}
2017-03-10 19:30:47 
2017-03-10 19:31:18 {"userid":"2016121288yiqiang","cmd":"beep","deviceid":"063072632892","serialnum":1489145478,"sign":"78f3626893c0a27b19b192af554609a7"}
2017-03-10 19:31:18 
2017-03-10 19:36:10 {"userid":"2016121288yiqiang","cmd":"beep","deviceid":"063072632892","serialnum":1489145770,"sign":"c4c13421f166ce5b0a80e8a9443d7b00"}
2017-03-10 19:36:10 
2017-03-10 19:48:42 {"userid":"2016121288yiqiang","cmd":"beep","deviceid":"063072632892","serialnum":1489146522,"sign":"65bcd2d89562a2d78a82999107a5a5ac"}
2017-03-10 19:48:42 
2017-03-10 19:52:35 {"userid":"2016121288yiqiang","cmd":"beep","deviceid":"063072619956","serialnum":1489146755,"sign":"4e0814f17cd035d320e0929e3ad56430"}
2017-03-10 19:52:35 
2017-03-10 19:54:10 {"userid":"2016121288yiqiang","cmd":"beep","deviceid":"063072632892","serialnum":1489146850,"sign":"925d1fad00ed005d85d9e8daaabc14ed"}
2017-03-10 19:54:11 
2017-03-10 19:54:25 {"userid":"2016121288yiqiang","cmd":"open","deviceid":"063072632892","serialnum":"1489146826","sign":"6c0a836c929f144ee0844fa883930463"}
2017-03-10 19:54:25 
2017-03-10 19:55:49 {"userid":"2016121288yiqiang","cmd":"open","deviceid":"063072632892","serialnum":"1489146943","sign":"05109c7db1cb545d636acf4ac8f0bf97"}
2017-03-10 19:55:49 
2017-03-10 19:57:32 {"userid":"2016121288yiqiang","cmd":"open","deviceid":"063072913722","serialnum":1489147052,"sign":"d0bb6057cdd79756e0c073027d89b853"}
2017-03-10 19:57:32 
2017-03-10 20:00:08 {"userid":"2016121288yiqiang","cmd":"open","deviceid":"063072620632","serialnum":1489147208,"sign":"3fc2ddea31615fe126c373c720abb2f5"}
2017-03-10 20:00:08 
2017-03-10 20:02:17 {"userid":"2016121288yiqiang","cmd":"open","deviceid":"063072620632","serialnum":1489147337,"sign":"c6b0ba5ce380dda030ad362a9218dd23"}
2017-03-10 20:02:17 
2017-03-10 20:07:42 {"userid":"2016121288yiqiang","cmd":"open","deviceid":"063072620632","serialnum":1489147662,"sign":"d925532e0ea275210ccbb9c0e3b58a5e"}
2017-03-10 20:07:42 
2017-03-10 20:16:16 {"userid":"2016121288yiqiang","cmd":"open","deviceid":"063072620632","serialnum":1489148176,"sign":"a878002aebd7f50db89345db6f8ccce5"}
2017-03-10 20:16:16 
2017-03-10 20:17:39 {"userid":"2016121288yiqiang","cmd":"beep","deviceid":"063072620632","serialnum":1489148259,"sign":"15e5366ab8bda59a31550993905f4bb9"}
2017-03-10 20:17:39 
2017-03-10 20:17:46 {"userid":"2016121288yiqiang","cmd":"beep","deviceid":"063072942572","serialnum":1489148266,"sign":"bd4606588ea306ef83e99d7f835439f7"}
2017-03-10 20:17:46 
2017-03-10 20:18:35 {"userid":"2016121288yiqiang","cmd":"open","deviceid":"063072620632","serialnum":"1489148253","sign":"3fc93260b9b7a5a5b3fa8d96b057e120"}
2017-03-10 20:18:35 
2017-03-10 20:19:20 {"userid":"2016121288yiqiang","cmd":"beep","deviceid":"063072964022","serialnum":1489148360,"sign":"8a7215a69a6b247fee227ca0efccfe11"}
2017-03-10 20:19:20 
2017-03-10 20:24:43 {"userid":"2016121288yiqiang","cmd":"open","deviceid":"063072620632","serialnum":1489148683,"sign":"4dd350667616d5e1ed7554d5fe929909"}
2017-03-10 20:24:43 
2017-03-10 20:25:11 {"userid":"2016121288yiqiang","cmd":"beep","deviceid":"063072619956","serialnum":1489148711,"sign":"69763c64b4a502ed4de257d1c98037b4"}
2017-03-10 20:25:11 
2017-03-10 20:25:43 {"userid":"2016121288yiqiang","cmd":"open","deviceid":"063072620632","serialnum":1489148743,"sign":"a8b493f8ca6acdf5aa5aff53155577bd"}
2017-03-10 20:25:43 
2017-03-10 20:49:09 {"userid":"2016121288yiqiang","cmd":"open","deviceid":"063072620632","serialnum":1489150149,"sign":"0ec5957d7a2ef851619b6cfa427b0d60"}
2017-03-10 20:49:09 
2017-03-10 20:49:41 {"userid":"2016121288yiqiang","cmd":"open","deviceid":"063072620632","serialnum":1489150181,"sign":"d3c25981778a5068f6c9f3f81d0f7aef"}
2017-03-10 20:49:41 
2017-03-10 20:52:39 {"userid":"2016121288yiqiang","cmd":"open","deviceid":"063072620632","serialnum":1489150359,"sign":"ea418f5b9486c14753ccc2dfc6a964b0"}
2017-03-10 20:52:39 
2017-03-10 21:13:30 {"userid":"2016121288yiqiang","cmd":"beep","deviceid":"063072619956","serialnum":1489151610,"sign":"b6445d48cffc86ac04f97a66c968e0bb"}
2017-03-10 21:13:30 
2017-03-10 21:29:42 {"userid":"2016121288yiqiang","cmd":"open","deviceid":"063072632892","serialnum":1489152582,"sign":"ff174be7377f1a01ca75b2c9ad2ebc21"}
2017-03-10 21:29:42 
2017-03-11 08:44:17 {"userid":"2016121288yiqiang","cmd":"open","deviceid":"630071787127","serialnum":1489193057,"sign":"3f11ef1c82d239ac5b872091563b1a9b"}
2017-03-11 08:44:17 
2017-03-11 08:44:50 {"userid":"2016121288yiqiang","cmd":"open","deviceid":"630071787127","serialnum":1489193090,"sign":"6eb7fff3524bb40920bfe11e9ea752b9"}
2017-03-11 08:44:50 
2017-03-11 09:33:21 {"userid":"2016121288yiqiang","cmd":"open","deviceid":"063072632892","serialnum":1489196001,"sign":"5351da5976697d7fc0bb42efc5b002a7"}
2017-03-11 09:33:21 
2017-03-11 09:34:43 {"userid":"2016121288yiqiang","cmd":"open","deviceid":"063072632892","serialnum":1489196083,"sign":"18217bf9d00a905a369b770ca55c0dec"}
2017-03-11 09:34:43 
2017-03-11 09:35:41 {"userid":"2016121288yiqiang","cmd":"open","deviceid":"063072632892","serialnum":1489196141,"sign":"05218397abcdf67f955069307aca0c85"}
2017-03-11 09:35:41 
2017-03-11 09:38:03 {"userid":"2016121288yiqiang","cmd":"open","deviceid":"063072632892","serialnum":1489196283,"sign":"44090c32f5334337435e5d01eef7469c"}
2017-03-11 09:38:03 
2017-03-11 09:38:35 {"userid":"2016121288yiqiang","cmd":"open","deviceid":"063072632892","serialnum":1489196315,"sign":"0eb9dfc80c979c6889025a8551276026"}
2017-03-11 09:38:35 
2017-03-11 09:39:26 {"userid":"2016121288yiqiang","cmd":"open","deviceid":"063072965557","serialnum":1489196366,"sign":"4dd6fde90addc0dc963081c89e37d853"}
2017-03-11 09:39:26 
2017-03-11 10:00:56 {"userid":"2016121288yiqiang","cmd":"open","deviceid":"630071787127","serialnum":1489197656,"sign":"74b5af64a4b042305a78dea8fbd06360"}
2017-03-11 10:00:56 
2017-03-11 10:21:06 {"userid":"2016121288yiqiang","cmd":"open","deviceid":"630071787127","serialnum":1489198866,"sign":"6bcdc11d068404d305878b1f436b9387"}
2017-03-11 10:21:06 
2017-03-11 10:42:14 {"userid":"2016121288yiqiang","cmd":"beep","deviceid":"063072965557","serialnum":1489200134,"sign":"012a864c91a9bdf232cce570d48d5401"}
2017-03-11 10:42:14 
2017-03-11 10:42:59 {"userid":"2016121288yiqiang","cmd":"beep","deviceid":"063072965557","serialnum":1489200179,"sign":"a45d6ab4e0ac61601bfeb6d496ba81ba"}
2017-03-11 10:42:59 
2017-03-11 10:56:52 {"userid":"2016121288yiqiang","cmd":"open","deviceid":"063072632892","serialnum":1489201012,"sign":"74faa3eeed165fb9e6928b68d1464281"}
2017-03-11 10:56:52 
2017-03-11 11:33:18 {"userid":"2016121288yiqiang","cmd":"beep","deviceid":"063072965557","serialnum":1489203198,"sign":"40a8c6ae2d3489fcefe26f4401aace01"}
2017-03-11 11:33:18 
2017-03-11 11:38:02 {"userid":"2016121288yiqiang","cmd":"beep","deviceid":"063072965557","serialnum":1489203482,"sign":"6caa02f602bc45fc395dc9b2a7499d8f"}
2017-03-11 11:38:02 
2017-03-11 11:38:11 {"userid":"2016121288yiqiang","cmd":"beep","deviceid":"063072965557","serialnum":1489203491,"sign":"73b4afbcd12e483deb63747e7f3bfc4b"}
2017-03-11 11:38:11 
2017-03-11 11:41:14 {"userid":"2016121288yiqiang","cmd":"beep","deviceid":"063072965557","serialnum":1489203674,"sign":"b374bc22b747281f78d0e2011b53fe06"}
2017-03-11 11:41:14 
2017-03-11 11:56:05 {"userid":"2016121288yiqiang","cmd":"open","deviceid":"063072619956","serialnum":1489204565,"sign":"8b27d0fc850e95489adbc31c9dc4de7a"}
2017-03-11 11:56:05 
2017-03-11 12:29:34 {"userid":"2016121288yiqiang","cmd":"open","deviceid":"063072619956","serialnum":1489206574,"sign":"22ee4d8311edf3b14e2bbe81c8e842b6"}
2017-03-11 12:29:34 
2017-03-11 12:37:36 {"userid":"2016121288yiqiang","cmd":"beep","deviceid":"063072965557","serialnum":1489207056,"sign":"35980c708c26e56b28185d4497d583e1"}
2017-03-11 12:37:36 
2017-03-11 12:37:47 {"userid":"2016121288yiqiang","cmd":"beep","deviceid":"063072965557","serialnum":1489207067,"sign":"754779c9dba2ef7c37d92e674d60432b"}
2017-03-11 12:37:47 
2017-03-11 12:37:59 {"userid":"2016121288yiqiang","cmd":"beep","deviceid":"063072965557","serialnum":1489207079,"sign":"0f35de88970ae264f09cfc73daab0f00"}
2017-03-11 12:37:59 
2017-03-11 12:41:19 {"userid":"2016121288yiqiang","cmd":"beep","deviceid":"063072965557","serialnum":1489207279,"sign":"07c68cec58b0ed1cd8ff51d86e8dcbc9"}
2017-03-11 12:41:19 
2017-03-11 12:46:51 {"userid":"2016121288yiqiang","cmd":"open","deviceid":"063072965557","serialnum":"1489207075","sign":"a2e513b2bede53907e8f6f0f192dda74"}
2017-03-11 12:46:51 
2017-03-11 13:17:07 {"userid":"2016121288yiqiang","cmd":"open","deviceid":"630071787127","serialnum":1489209427,"sign":"c636fb83c0f88f8812b5ce290f2b796f"}
2017-03-11 13:17:07 
2017-03-11 13:17:52 {"userid":"2016121288yiqiang","cmd":"open","deviceid":"630071787127","serialnum":1489209472,"sign":"1d6c513f4f4f2d35400ad8dfdb1dc6ee"}
2017-03-11 13:17:52 
2017-03-11 13:41:21 {"userid":"2016121288yiqiang","cmd":"open","deviceid":"630071787127","serialnum":1489210881,"sign":"c4ac344a9d2861c248d1d91ab248dd7a"}
2017-03-11 13:41:21 
2017-03-11 16:10:32 {"userid":"2016121288yiqiang","cmd":"beep","deviceid":"063072964022","serialnum":1489219832,"sign":"1a97df7fc24c759954b459847c629fc3"}
2017-03-11 16:10:32 
2017-03-11 16:10:52 {"userid":"2016121288yiqiang","cmd":"beep","deviceid":"063072964022","serialnum":1489219852,"sign":"e2d3472480527b3fd4ee46d97659bcc6"}
2017-03-11 16:10:52 
2017-03-11 16:11:01 {"userid":"2016121288yiqiang","cmd":"beep","deviceid":"063072964022","serialnum":1489219861,"sign":"712d133fcc7316d368d700fdeb26f982"}
2017-03-11 16:11:01 
2017-03-11 16:11:14 {"userid":"2016121288yiqiang","cmd":"beep","deviceid":"063072964022","serialnum":1489219874,"sign":"95a0f861ca90bf0322d9f219cfa14e30"}
2017-03-11 16:11:14 
2017-03-11 16:11:21 {"userid":"2016121288yiqiang","cmd":"beep","deviceid":"063072964022","serialnum":1489219881,"sign":"f3b2ce8e3f2386b8d52f1dda06a44b07"}
2017-03-11 16:11:21 
2017-03-11 16:11:43 {"userid":"2016121288yiqiang","cmd":"beep","deviceid":"063072964022","serialnum":1489219903,"sign":"b821a69f007d9c3e51172a6110794df7"}
2017-03-11 16:11:43 
2017-03-11 16:11:55 {"userid":"2016121288yiqiang","cmd":"beep","deviceid":"063072964022","serialnum":1489219915,"sign":"919d4db851ed6aea39a154d8c70756b6"}
2017-03-11 16:11:55 
2017-03-11 16:12:26 {"userid":"2016121288yiqiang","cmd":"beep","deviceid":"063072964022","serialnum":1489219946,"sign":"1ec5ba1e36f34c87c0dbfda06f85324b"}
2017-03-11 16:12:26 
2017-03-11 16:12:34 {"userid":"2016121288yiqiang","cmd":"beep","deviceid":"063072964022","serialnum":1489219954,"sign":"a3c1126680b91ebaf4ac1c2a9a0ef4d9"}
2017-03-11 16:12:34 
2017-03-11 16:12:40 {"userid":"2016121288yiqiang","cmd":"beep","deviceid":"063072964022","serialnum":1489219960,"sign":"15882a8bbdb456d1c13ab209c50c8a6d"}
2017-03-11 16:12:40 
2017-03-11 16:12:48 {"userid":"2016121288yiqiang","cmd":"beep","deviceid":"063072964022","serialnum":1489219968,"sign":"04973c383faa6bccedb1c02fcb016f3d"}
2017-03-11 16:12:48 
2017-03-11 16:13:41 {"userid":"2016121288yiqiang","cmd":"beep","deviceid":"063072965557","serialnum":1489220021,"sign":"0f80f44cd34e99759109e2d51937e034"}
2017-03-11 16:13:41 
2017-03-11 16:13:51 {"userid":"2016121288yiqiang","cmd":"beep","deviceid":"063072965557","serialnum":1489220031,"sign":"b403876719da0e640fbe1fde79988501"}
2017-03-11 16:13:51 
2017-03-11 16:14:07 {"userid":"2016121288yiqiang","cmd":"beep","deviceid":"063072965557","serialnum":1489220047,"sign":"b8f6108aef33c45f52c33777da4a236d"}
2017-03-11 16:14:07 
2017-03-11 16:14:36 {"userid":"2016121288yiqiang","cmd":"beep","deviceid":"063072965557","serialnum":1489220076,"sign":"6c66c0b772383283ad7c160270250ad8"}
2017-03-11 16:14:36 
2017-03-11 16:15:38 {"userid":"2016121288yiqiang","cmd":"beep","deviceid":"063072965557","serialnum":1489220138,"sign":"f5a91cc68e329e2e646d838560d3b58e"}
2017-03-11 16:15:38 
2017-03-11 16:15:50 {"userid":"2016121288yiqiang","cmd":"beep","deviceid":"063072965557","serialnum":1489220150,"sign":"25f5f61ad747814638dd25b7cb7f9b64"}
2017-03-11 16:15:50 
2017-03-11 16:17:26 {"userid":"2016121288yiqiang","cmd":"beep","deviceid":"063072965557","serialnum":1489220246,"sign":"39dbf0527c7bb6bc4137ce3daaf56ff6"}
2017-03-11 16:17:26 
2017-03-11 16:17:54 {"userid":"2016121288yiqiang","cmd":"beep","deviceid":"063072965557","serialnum":1489220274,"sign":"26126bd9d1c2bcfb957a5285db332a91"}
2017-03-11 16:17:54 
2017-03-11 16:20:10 {"userid":"2016121288yiqiang","cmd":"beep","deviceid":"063072965557","serialnum":1489220410,"sign":"8806050fa0e61856116e31d76916c7d6"}
2017-03-11 16:20:10 
2017-03-11 16:20:19 {"userid":"2016121288yiqiang","cmd":"beep","deviceid":"063072965557","serialnum":1489220419,"sign":"722ee856a1bd3fe62a5ad99f2f951663"}
2017-03-11 16:20:19 
2017-03-11 16:20:33 {"userid":"2016121288yiqiang","cmd":"beep","deviceid":"063072965557","serialnum":1489220433,"sign":"1b14be7212039fb415bebeac32275b9e"}
2017-03-11 16:20:33 
2017-03-11 16:23:14 {"userid":"2016121288yiqiang","cmd":"beep","deviceid":"063072965557","serialnum":1489220594,"sign":"2d8e9f2d2c7e1a6aa967cc10910616ea"}
2017-03-11 16:23:14 
2017-03-11 16:23:23 {"userid":"2016121288yiqiang","cmd":"beep","deviceid":"063072965557","serialnum":1489220603,"sign":"2338ae03ca8c8dce352d6b0fa79b0676"}
2017-03-11 16:23:23 
2017-03-11 16:23:58 {"userid":"2016121288yiqiang","cmd":"beep","deviceid":"063072965557","serialnum":1489220638,"sign":"d79ca77fc23167f8c0efef2d3366a3d4"}
2017-03-11 16:23:58 
2017-03-11 16:25:29 {"userid":"2016121288yiqiang","cmd":"beep","deviceid":"063072965557","serialnum":1489220729,"sign":"7f57c0c87227410fcefdb9a784a6a08b"}
2017-03-11 16:25:29 
2017-03-11 16:25:48 {"userid":"2016121288yiqiang","cmd":"beep","deviceid":"063072965557","serialnum":1489220748,"sign":"f5ff159a67d8628b7dc1b31f1e796131"}
2017-03-11 16:25:48 
2017-03-11 16:26:27 {"userid":"2016121288yiqiang","cmd":"beep","deviceid":"063072965557","serialnum":1489220787,"sign":"87930b2b95dca08d9214db662fc98f7a"}
2017-03-11 16:26:27 
2017-03-11 16:29:18 {"userid":"2016121288yiqiang","cmd":"beep","deviceid":"063072964022","serialnum":1489220958,"sign":"c4a7ef22c4c03063ed0511e1cf1dc99c"}
2017-03-11 16:29:18 
2017-03-11 16:33:36 {"userid":"2016121288yiqiang","cmd":"beep","deviceid":"063072965557","serialnum":1489221216,"sign":"06197b63d6054afc8270c1e09633b367"}
2017-03-11 16:33:36 
2017-03-11 16:34:00 {"userid":"2016121288yiqiang","cmd":"beep","deviceid":"063072623776","serialnum":1489221240,"sign":"f9dc298cea90b929664e135617b7ebe8"}
2017-03-11 16:34:00 
2017-03-11 16:39:21 {"userid":"2016121288yiqiang","cmd":"beep","deviceid":"063072965557","serialnum":1489221561,"sign":"edb80fc0cae2328fb1b1197966e4559d"}
2017-03-11 16:39:21 
2017-03-11 16:39:29 {"userid":"2016121288yiqiang","cmd":"beep","deviceid":"063072964022","serialnum":1489221569,"sign":"7f1b65b512376d30601b5e9bd9a3368f"}
2017-03-11 16:39:29 
2017-03-11 16:39:49 {"userid":"2016121288yiqiang","cmd":"beep","deviceid":"063072623776","serialnum":1489221589,"sign":"b11545c1dfa635ea38272221ab8b2145"}
2017-03-11 16:39:49 
2017-03-11 16:39:53 {"userid":"2016121288yiqiang","cmd":"beep","deviceid":"063072623776","serialnum":1489221593,"sign":"b8ef29b002b3187ac3e1aa5565d315f1"}
2017-03-11 16:39:53 
2017-03-11 16:40:03 {"userid":"2016121288yiqiang","cmd":"beep","deviceid":"630071787127","serialnum":1489221603,"sign":"702f9d7000b6f7c513275e3cc67e64a7"}
2017-03-11 16:40:03 
2017-03-11 16:40:19 {"userid":"2016121288yiqiang","cmd":"beep","deviceid":"063072913722","serialnum":1489221619,"sign":"f276bd0a58497401428d96f4593bd40d"}
2017-03-11 16:40:19 
2017-03-11 16:40:22 {"userid":"2016121288yiqiang","cmd":"beep","deviceid":"063072913722","serialnum":1489221622,"sign":"85e84503620764e27b5eec251d7dd254"}
2017-03-11 16:40:22 
2017-03-11 16:41:11 {"userid":"2016121288yiqiang","cmd":"beep","deviceid":"063072623776","serialnum":1489221671,"sign":"10b8469807fd2469d442dfe26c3f7563"}
2017-03-11 16:41:11 
2017-03-11 16:42:12 {"userid":"2016121288yiqiang","cmd":"beep","deviceid":"063072623776","serialnum":1489221732,"sign":"28006b9881cb0d2d77d73b02b7a6e213"}
2017-03-11 16:42:12 
2017-03-11 16:42:14 {"userid":"2016121288yiqiang","cmd":"beep","deviceid":"063072623776","serialnum":1489221734,"sign":"1afaee783d8eb7298fbb2f84b3e0cba8"}
2017-03-11 16:42:14 
2017-03-11 16:42:14 {"userid":"2016121288yiqiang","cmd":"beep","deviceid":"063072623776","serialnum":1489221734,"sign":"1afaee783d8eb7298fbb2f84b3e0cba8"}
2017-03-11 16:42:14 
2017-03-11 16:42:15 {"userid":"2016121288yiqiang","cmd":"beep","deviceid":"063072623776","serialnum":1489221735,"sign":"70112537febff30df51ef5c62b47ed83"}
2017-03-11 16:42:15 
2017-03-11 16:42:15 {"userid":"2016121288yiqiang","cmd":"beep","deviceid":"063072623776","serialnum":1489221735,"sign":"70112537febff30df51ef5c62b47ed83"}
2017-03-11 16:42:15 
2017-03-11 16:42:15 {"userid":"2016121288yiqiang","cmd":"beep","deviceid":"063072623776","serialnum":1489221735,"sign":"70112537febff30df51ef5c62b47ed83"}
2017-03-11 16:42:15 
2017-03-11 16:42:15 {"userid":"2016121288yiqiang","cmd":"beep","deviceid":"063072623776","serialnum":1489221735,"sign":"70112537febff30df51ef5c62b47ed83"}
2017-03-11 16:42:15 
2017-03-11 16:42:15 {"userid":"2016121288yiqiang","cmd":"beep","deviceid":"063072623776","serialnum":1489221735,"sign":"70112537febff30df51ef5c62b47ed83"}
2017-03-11 16:42:15 
2017-03-11 16:42:16 {"userid":"2016121288yiqiang","cmd":"beep","deviceid":"063072623776","serialnum":1489221736,"sign":"7cf82c63e2841dde7a1fc27f435b0ca3"}
2017-03-11 16:42:16 
2017-03-11 16:42:16 {"userid":"2016121288yiqiang","cmd":"beep","deviceid":"063072623776","serialnum":1489221736,"sign":"7cf82c63e2841dde7a1fc27f435b0ca3"}
2017-03-11 16:42:16 
2017-03-11 16:42:16 {"userid":"2016121288yiqiang","cmd":"beep","deviceid":"063072623776","serialnum":1489221736,"sign":"7cf82c63e2841dde7a1fc27f435b0ca3"}
2017-03-11 16:42:16 
2017-03-11 16:42:16 {"userid":"2016121288yiqiang","cmd":"beep","deviceid":"063072623776","serialnum":1489221736,"sign":"7cf82c63e2841dde7a1fc27f435b0ca3"}
2017-03-11 16:42:16 
2017-03-11 16:42:16 {"userid":"2016121288yiqiang","cmd":"beep","deviceid":"063072623776","serialnum":1489221736,"sign":"7cf82c63e2841dde7a1fc27f435b0ca3"}
2017-03-11 16:42:16 
2017-03-11 16:42:16 {"userid":"2016121288yiqiang","cmd":"beep","deviceid":"063072623776","serialnum":1489221736,"sign":"7cf82c63e2841dde7a1fc27f435b0ca3"}
2017-03-11 16:42:16 
2017-03-11 16:42:17 {"userid":"2016121288yiqiang","cmd":"beep","deviceid":"063072623776","serialnum":1489221737,"sign":"e720d5b8df82262ddf8fd33594ad2bb3"}
2017-03-11 16:42:17 
2017-03-11 16:42:34 {"userid":"2016121288yiqiang","cmd":"beep","deviceid":"063072619956","serialnum":1489221754,"sign":"7cb6ca42a2908c0b6cd026281ad29c4f"}
2017-03-11 16:42:34 
2017-03-11 16:42:45 {"userid":"2016121288yiqiang","cmd":"beep","deviceid":"063072619956","serialnum":1489221765,"sign":"ddf04569b7a774730bded4fdda38aba2"}
2017-03-11 16:42:45 
2017-03-11 16:42:59 {"userid":"2016121288yiqiang","cmd":"beep","deviceid":"063072965557","serialnum":1489221779,"sign":"80f7d31148cc2919617ea945a129c4ef"}
2017-03-11 16:42:59 
2017-03-11 16:43:10 {"userid":"2016121288yiqiang","cmd":"beep","deviceid":"063072965557","serialnum":1489221790,"sign":"34be23fe57b6fb953c20f3bbf6874e0f"}
2017-03-11 16:43:10 
2017-03-11 20:37:28 {"userid":"2016121288yiqiang","cmd":"beep","deviceid":"063072964022","serialnum":1489235848,"sign":"6c3ce62efb6c7bcd941c61aaf727d881"}
2017-03-11 20:37:28 
2017-03-11 20:37:45 {"userid":"2016121288yiqiang","cmd":"beep","deviceid":"063072965557","serialnum":1489235865,"sign":"56e3a880b198c2d660fcefcaafc1188e"}
2017-03-11 20:37:45 
2017-03-11 20:37:58 {"userid":"2016121288yiqiang","cmd":"beep","deviceid":"063072623776","serialnum":1489235878,"sign":"965338f78bd13388d5480ed90f874c9b"}
2017-03-11 20:37:58 
2017-03-11 20:38:00 {"userid":"2016121288yiqiang","cmd":"beep","deviceid":"063072623776","serialnum":1489235880,"sign":"117659f27e2e0e397f69e8fda4e91932"}
2017-03-11 20:38:00 
2017-03-11 20:38:12 {"userid":"2016121288yiqiang","cmd":"beep","deviceid":"063072965557","serialnum":1489235892,"sign":"002caf8fd9183ca53b82385d91eb7532"}
2017-03-11 20:38:12 
2017-03-11 20:38:23 {"userid":"2016121288yiqiang","cmd":"beep","deviceid":"063072913722","serialnum":1489235903,"sign":"5943eb6dbb389e1ec8e3a7ef2c11d763"}
2017-03-11 20:38:23 
2017-03-11 20:39:30 {"userid":"2016121288yiqiang","cmd":"beep","deviceid":"063072965557","serialnum":1489235970,"sign":"0f4cdaeb50edb8758e89ff950294bc50"}
2017-03-11 20:39:30 
2017-03-11 20:39:41 {"userid":"2016121288yiqiang","cmd":"open","deviceid":"063072965557","serialnum":"1489235938","sign":"eb993ed7d617381ccf0b45656cded1eb"}
2017-03-11 20:39:41 
2017-03-11 20:42:38 {"userid":"2016121288yiqiang","cmd":"open","deviceid":"063072965557","serialnum":1489236158,"sign":"fb485c063818a0b900b13b8b46459789"}
2017-03-11 20:42:38 
2017-03-11 20:45:08 {"userid":"2016121288yiqiang","cmd":"open","deviceid":"063072965557","serialnum":"1489236303","sign":"9a09f67a483e7c5d9b925179da8bd28f"}
2017-03-11 20:45:08 
2017-03-11 20:48:16 {"userid":"2016121288yiqiang","cmd":"open","deviceid":"063072965557","serialnum":1489236496,"sign":"3175406eb6c8aa38a63235810a89cb42"}
2017-03-11 20:48:16 
2017-03-11 20:49:55 {"userid":"2016121288yiqiang","cmd":"open","deviceid":"063072965557","serialnum":1489236595,"sign":"9759f214786c102d39bf69d17bcd9ae1"}
2017-03-11 20:49:55 
2017-03-11 20:52:59 {"userid":"2016121288yiqiang","cmd":"open","deviceid":"063072965557","serialnum":"1489236769","sign":"85cecf6609f19f0e30f8f8a4d0545b2e"}
2017-03-11 20:52:59 
2017-03-12 10:16:23 {"userid":"2016121288yiqiang","cmd":"open","deviceid":"630071787127","serialnum":1489284983,"sign":"078d8ebe232537bbac0953738f74e663"}
2017-03-12 10:16:23 
2017-03-12 11:31:58 {"userid":"2016121288yiqiang","cmd":"open","deviceid":"630071787127","serialnum":1489289518,"sign":"08f5ea47c5da35dacf634346768f5425"}
2017-03-12 11:31:58 
2017-03-12 12:15:07 {"userid":"2016121288yiqiang","cmd":"open","deviceid":"063072619956","serialnum":1489292107,"sign":"ee74136c31cdfc164455a5452bb74a68"}
2017-03-12 12:15:07 
2017-03-13 09:08:05 {"userid":"2016121288yiqiang","cmd":"open","deviceid":"630071787127","serialnum":1489367285,"sign":"29bebdd21b519f5e84dd85e32fcac460"}
2017-03-13 09:08:05 
2017-03-13 09:08:43 {"userid":"2016121288yiqiang","cmd":"open","deviceid":"630071787127","serialnum":1489367323,"sign":"afd8ba80fc538f17e05bcca5b0f9e8e9"}
2017-03-13 09:08:43 
2017-03-13 09:11:28 {"userid":"2016121288yiqiang","cmd":"open","deviceid":"630071787127","serialnum":1489367488,"sign":"002325fbc557ad50b0be263944b4e33b"}
2017-03-13 09:11:28 
2017-03-13 09:11:45 {"userid":"2016121288yiqiang","cmd":"open","deviceid":"630071787127","serialnum":1489367505,"sign":"650b4ca4b61cc4f7b291ec481a469492"}
2017-03-13 09:11:45 
2017-03-13 09:59:56 {"userid":"2016121288yiqiang","cmd":"open","deviceid":"630071787127","serialnum":1489370396,"sign":"d7e6481238062b0a6bd379fd6f1f0269"}
2017-03-13 09:59:56 
2017-03-13 12:36:26 {"userid":"2016121288yiqiang","cmd":"open","deviceid":"063073016525","serialnum":1489379786,"sign":"e88e6fa924820be020e515725cb695de"}
2017-03-13 12:36:26 
2017-03-13 12:49:29 {"userid":"2016121288yiqiang","cmd":"open","deviceid":"063073016525","serialnum":1489380569,"sign":"4686b0858867684420d4422112000642"}
2017-03-13 12:49:29 
2017-03-13 12:51:50 {"userid":"2016121288yiqiang","cmd":"open","deviceid":"063073016525","serialnum":1489380710,"sign":"0a46ba265b5eb5b377cbc64dbacd21ba"}
2017-03-13 12:51:50 
2017-03-13 13:11:00 {"userid":"2016121288yiqiang","cmd":"open","deviceid":"063073016525","serialnum":1489381860,"sign":"0d4361a94b0ce2c407c55931859a43f5"}
2017-03-13 13:11:01 
2017-03-13 13:11:54 {"userid":"2016121288yiqiang","cmd":"open","deviceid":"063073016525","serialnum":1489381914,"sign":"d9986d6b50eacc63b20c1e821d8b6fc3"}
2017-03-13 13:11:54 
2017-03-13 13:12:37 {"userid":"2016121288yiqiang","cmd":"open","deviceid":"063073016525","serialnum":1489381957,"sign":"410fe4ab8f0448e85858d6f63d9833ff"}
2017-03-13 13:12:37 
2017-03-13 13:19:11 {"userid":"2016121288yiqiang","cmd":"open","deviceid":"063072623073","serialnum":1489382351,"sign":"383894c546b2c5a6edfad102697ab9f5"}
2017-03-13 13:19:11 
2017-03-13 14:51:07 {"userid":"2016121288yiqiang","cmd":"open","deviceid":"063072980085","serialnum":1489387867,"sign":"a5bac4e8ddf7903cf107db42556ca07a"}
2017-03-13 14:51:08 
2017-03-13 16:06:27 {"userid":"2016121288yiqiang","cmd":"open","deviceid":"063072624246","serialnum":1489392387,"sign":"51fbcce11fb749fbe7651a010fd91259"}
2017-03-13 16:06:27 
2017-03-13 16:12:28 {"userid":"2016121288yiqiang","cmd":"open","deviceid":"063072624246","serialnum":1489392748,"sign":"47832aa72859d0b50d25b07b2a6f03b3"}
2017-03-13 16:12:28 
2017-03-13 16:55:09 {"userid":"2016121288yiqiang","cmd":"open","deviceid":"063072998145","serialnum":1489395309,"sign":"56e9f26ecb3100e8ff1314f6b5cac016"}
2017-03-13 16:55:09 
2017-03-13 17:21:29 {"userid":"2016121288yiqiang","cmd":"open","deviceid":"063072623776","serialnum":1489396889,"sign":"9c44feda158f6d93a33c2d355932d52b"}
2017-03-13 17:21:30 
2017-03-13 17:29:19 {"userid":"2016121288yiqiang","cmd":"open","deviceid":"063072965557","serialnum":1489397359,"sign":"282ea0173b4cf86bd5b5d2c810bb1d8f"}
2017-03-13 17:29:19 
2017-03-13 17:33:02 {"userid":"2016121288yiqiang","cmd":"open","deviceid":"063072965557","serialnum":1489397582,"sign":"87ba8b0e9279b629560cc28194a053df"}
2017-03-13 17:33:02 
2017-03-13 17:55:54 {"userid":"2016121288yiqiang","cmd":"open","deviceid":"630071787127","serialnum":1489398954,"sign":"b3751943383c45a0eb09fb399c49aafd"}
2017-03-13 17:55:54 
2017-03-13 17:56:49 {"userid":"2016121288yiqiang","cmd":"open","deviceid":"063072624246","serialnum":1489399009,"sign":"c08daa32791fbfd46fe82ac9bd333d0d"}
2017-03-13 17:56:49 
2017-03-13 18:05:27 {"userid":"2016121288yiqiang","cmd":"open","deviceid":"063072623776","serialnum":1489399527,"sign":"4925d54c98c09b54175e369036165b8f"}
2017-03-13 18:05:27 
2017-03-13 18:17:46 {"userid":"2016121288yiqiang","cmd":"open","deviceid":"063072624246","serialnum":1489400266,"sign":"ab3a113a1388bf445745c6795cef069b"}
2017-03-13 18:17:46 
2017-03-14 09:06:38 {"userid":"2016121288yiqiang","cmd":"open","deviceid":"063072965557","serialnum":1489453598,"sign":"1b79762d4e1d2c10a9d1d61d0d65dc85"}
2017-03-14 09:06:38 
2017-03-14 09:07:18 {"userid":"2016121288yiqiang","cmd":"open","deviceid":"063072632892","serialnum":1489453638,"sign":"e3b4e29ebe8f550bba861e9e8a93182d"}
2017-03-14 09:07:18 
2017-03-14 14:54:46 {"userid":"2016121288yiqiang","cmd":"open","deviceid":"063072624246","serialnum":1489474486,"sign":"7bbbaf458258da00f68bd65bdeb79ea3"}
2017-03-14 14:54:46 
2017-03-14 15:14:19 {"userid":"2016121288yiqiang","cmd":"open","deviceid":"063072624246","serialnum":1489475659,"sign":"cc01a3dcb62a241a1178320bfb268a46"}
2017-03-14 15:14:19 
2017-03-14 16:52:40 {"userid":"2016121288yiqiang","cmd":"beep","deviceid":"063072619956","serialnum":1489481560,"sign":"6e0919aa5ec19d2feaee1660205579aa"}
2017-03-14 16:52:40 
2017-03-14 16:52:57 {"userid":"2016121288yiqiang","cmd":"open","deviceid":"063072965557","serialnum":1489481577,"sign":"da85cd31de70e4e61a51a0429cbf40ec"}
2017-03-14 16:52:57 
2017-03-14 17:49:07 {"userid":"2016121288yiqiang","cmd":"open","deviceid":"063072624246","serialnum":1489484947,"sign":"1be309007d90cc604fe9a15118f4d164"}
2017-03-14 17:49:07 
2017-03-14 17:49:46 {"userid":"2016121288yiqiang","cmd":"open","deviceid":"063072624246","serialnum":1489484986,"sign":"00cee7f388d445cde2f352405eeea08c"}
2017-03-14 17:49:46 
2017-03-14 17:51:58 {"userid":"2016121288yiqiang","cmd":"open","deviceid":"063072624246","serialnum":1489485118,"sign":"8dff120b28700a327cf781134c715217"}
2017-03-14 17:51:58 
2017-03-14 22:40:46 {"userid":"2016121288yiqiang","cmd":"open","deviceid":"063072619956","serialnum":1489502446,"sign":"749156991ff1a33a88108bd5a0ed56f7"}
2017-03-14 22:40:46 
2017-03-14 22:41:19 {"userid":"2016121288yiqiang","cmd":"open","deviceid":"063072619956","serialnum":1489502479,"sign":"5fb6c952bbd92490b0d0c20f3a0c0526"}
2017-03-14 22:41:19 
2017-03-14 22:41:55 {"userid":"2016121288yiqiang","cmd":"open","deviceid":"063072624246","serialnum":1489502515,"sign":"a78d75fbce5c3ccf081d59b81fbd7b8a"}
2017-03-14 22:41:55 
2017-03-14 22:45:04 {"userid":"2016121288yiqiang","cmd":"open","deviceid":"063072624246","serialnum":1489502704,"sign":"203cf98f57ba5584656855ed412a9db1"}
2017-03-14 22:45:04 
2017-03-14 22:51:51 {"userid":"2016121288yiqiang","cmd":"open","deviceid":"063072619956","serialnum":1489503111,"sign":"6782bbf5b94b734db58fea2ea198e586"}
2017-03-14 22:51:51 
2017-03-14 22:52:55 {"userid":"2016121288yiqiang","cmd":"open","deviceid":"063072619956","serialnum":1489503175,"sign":"6d1c60ae0c72e5e315a250cb262dd09d"}
2017-03-14 22:52:55 
2017-03-14 22:54:16 {"userid":"2016121288yiqiang","cmd":"open","deviceid":"063072619956","serialnum":1489503256,"sign":"4d5efca961af303587aad5e588883dce"}
2017-03-14 22:54:16 
2017-03-14 22:55:41 {"userid":"2016121288yiqiang","cmd":"open","deviceid":"063072619956","serialnum":1489503341,"sign":"11c67ccefa8d10fc71bdf30c58f6b0c6"}
2017-03-14 22:55:41 
2017-03-14 22:57:18 {"userid":"2016121288yiqiang","cmd":"open","deviceid":"063072619956","serialnum":1489503438,"sign":"494538c1f307447769b96f2d559f86b3"}
2017-03-14 22:57:18 
2017-03-14 22:59:14 {"userid":"2016121288yiqiang","cmd":"open","deviceid":"063072619956","serialnum":1489503554,"sign":"32478a047ec2a624e5aec965997ec130"}
2017-03-14 22:59:14 
2017-03-14 23:00:49 {"userid":"2016121288yiqiang","cmd":"open","deviceid":"063072619956","serialnum":1489503649,"sign":"a15b689857ce23d50a73823340c1cb1c"}
2017-03-14 23:00:49 
2017-03-14 23:01:32 {"userid":"2016121288yiqiang","cmd":"open","deviceid":"063072619956","serialnum":1489503692,"sign":"40b3713b063355eb6a62b361c83b3bb7"}
2017-03-14 23:01:32 
2017-03-15 10:00:28 {"userid":"2016121288yiqiang","cmd":"open","deviceid":"063072619956","serialnum":1489543228,"sign":"6640c18fca4e3116b2b062ad60cef6dd"}
2017-03-15 10:00:28 
2017-03-15 10:43:16 {"userid":"2016121288yiqiang","cmd":"beep","deviceid":"063072915404","serialnum":1489545796,"sign":"27d1919766c7af7e0b6da07bfafaf804"}
2017-03-15 10:43:16 
2017-03-15 10:43:34 {"userid":"2016121288yiqiang","cmd":"open","deviceid":"063072620632","serialnum":1489545814,"sign":"89d0f51008b2f4a02a7e59e79c21db9c"}
2017-03-15 10:43:34 
2017-03-15 10:44:15 {"userid":"2016121288yiqiang","cmd":"open","deviceid":"063072620632","serialnum":1489545855,"sign":"59e9baa9ca920ad3c4aa89317e790bfb"}
2017-03-15 10:44:15 
2017-03-15 10:47:22 {"userid":"2016121288yiqiang","cmd":"beep","deviceid":"063072620632","serialnum":1489546042,"sign":"6e7dbf125d0b88c04921edaff20be710"}
2017-03-15 10:47:22 
2017-03-15 10:47:37 {"userid":"2016121288yiqiang","cmd":"open","deviceid":"063072620632","serialnum":1489546057,"sign":"e47e2b4d00c88d17c37cd6019f347d28"}
2017-03-15 10:47:37 
2017-03-15 10:48:15 {"userid":"2016121288yiqiang","cmd":"open","deviceid":"063072942572","serialnum":1489546095,"sign":"cab23c6354f13a1139e7d86065d7b069"}
2017-03-15 10:48:15 
2017-03-15 10:48:30 {"userid":"2016121288yiqiang","cmd":"open","deviceid":"063072620632","serialnum":1489546110,"sign":"e79b4af6e45f256a4c787a511a4596dc"}
2017-03-15 10:48:30 
2017-03-15 10:49:29 {"userid":"2016121288yiqiang","cmd":"open","deviceid":"063072620632","serialnum":1489546169,"sign":"83ad004aded20024c43be97caaec49ad"}
2017-03-15 10:49:29 
2017-03-15 10:52:21 {"userid":"2016121288yiqiang","cmd":"open","deviceid":"063072620632","serialnum":1489546341,"sign":"9c47f4980a537dfa473f8f9a41024249"}
2017-03-15 10:52:21 
2017-03-15 10:53:05 {"userid":"2016121288yiqiang","cmd":"open","deviceid":"063072620632","serialnum":1489546385,"sign":"d795a2f061c52060f83da7af902d25a6"}
2017-03-15 10:53:05 
2017-03-15 11:02:04 {"userid":"2016121288yiqiang","cmd":"open","deviceid":"063072620632","serialnum":1489546924,"sign":"f57a1ee53acd35710c619c51ca845b51"}
2017-03-15 11:02:11 
2017-03-15 11:03:01 {"userid":"2016121288yiqiang","cmd":"open","deviceid":"063072620632","serialnum":1489546981,"sign":"9a65d7ec831b65d91df58378409e2402"}
2017-03-15 11:03:01 
2017-03-15 11:05:52 {"userid":"2016121288yiqiang","cmd":"open","deviceid":"063072620632","serialnum":1489547152,"sign":"b4f83bdc86e2ba91bf4d56d7f3b252e7"}
2017-03-15 11:05:52 
2017-03-15 11:07:04 {"userid":"2016121288yiqiang","cmd":"open","deviceid":"063072620632","serialnum":1489547224,"sign":"aedaf9a7e5dc1cfde063d1d1ec9bc040"}
2017-03-15 11:07:04 
2017-03-15 11:16:24 {"userid":"2016121288yiqiang","cmd":"open","deviceid":"063072620632","serialnum":1489547784,"sign":"1af0645e08ee0782720114ec91bb0077"}
2017-03-15 11:16:24 
2017-03-15 11:36:27 {"userid":"2016121288yiqiang","cmd":"open","deviceid":"063072619956","serialnum":1489548987,"sign":"f394123d1555cf8a7064bc0eeb9b7608"}
2017-03-15 11:36:27 
2017-03-15 11:40:22 {"userid":"2016121288yiqiang","cmd":"open","deviceid":"063072620632","serialnum":1489549222,"sign":"33e93a1ce31b53d6349343d22e24a717"}
2017-03-15 11:40:22 
2017-03-15 11:40:57 {"userid":"2016121288yiqiang","cmd":"open","deviceid":"063072620632","serialnum":1489549257,"sign":"39c7fee491f18749b37f21419e3f6f07"}
2017-03-15 11:40:57 
2017-03-15 12:36:44 {"userid":"2016121288yiqiang","cmd":"open","deviceid":"063072620632","serialnum":1489552604,"sign":"b6659915772650f1cdb23eae5cf32da9"}
2017-03-15 12:36:44 
2017-03-15 13:43:22 {"userid":"2016121288yiqiang","cmd":"open","deviceid":"630071787127","serialnum":1489556602,"sign":"b6116734a2ebd5441ed3a781f0c3a7de"}
2017-03-15 13:43:22 
2017-03-15 13:43:39 {"userid":"2016121288yiqiang","cmd":"open","deviceid":"630071787127","serialnum":1489556619,"sign":"d21aaf41fe71832402f61c3b56edc19b"}
2017-03-15 13:43:39 
2017-03-15 14:29:55 {"userid":"2016121288yiqiang","cmd":"open","deviceid":"063072623776","serialnum":1489559395,"sign":"db856b6adcaea62c97800f94a264f5df"}
2017-03-15 14:29:55 
2017-03-15 15:32:58 {"userid":"2016121288yiqiang","cmd":"open","deviceid":"063072619956","serialnum":1489563178,"sign":"e10d05ea64e8d609931bfb2863aac0b3"}
2017-03-15 15:32:58 
2017-03-15 15:52:17 {"userid":"2016121288yiqiang","cmd":"open","deviceid":"063072619956","serialnum":1489564337,"sign":"d2c688fa19a01b41ed5ff8b135f109f7"}
2017-03-15 15:52:17 
2017-03-15 15:54:23 {"userid":"2016121288yiqiang","cmd":"open","deviceid":"063072619956","serialnum":1489564463,"sign":"4e65816b454d745a6f1f070fec4360b4"}
2017-03-15 15:54:23 
2017-03-15 16:00:56 {"userid":"2016121288yiqiang","cmd":"open","deviceid":"063072619956","serialnum":1489564856,"sign":"1ea9b1084f5119133954456f8b4dfaf4"}
2017-03-15 16:00:56 
2017-03-15 16:03:39 {"userid":"2016121288yiqiang","cmd":"open","deviceid":"063072619956","serialnum":1489565019,"sign":"399687cb6b2d2306b0648473b93b3450"}
2017-03-15 16:03:39 
2017-03-15 16:06:03 {"userid":"2016121288yiqiang","cmd":"open","deviceid":"063072619956","serialnum":1489565163,"sign":"2ad49a6ecfdd6716999189c738c049fe"}
2017-03-15 16:06:03 
2017-03-15 16:08:47 {"userid":"2016121288yiqiang","cmd":"open","deviceid":"063072619956","serialnum":1489565327,"sign":"8bfd8706a58c97076e8d3a476ca0a2ba"}
2017-03-15 16:08:47 
2017-03-15 16:15:42 {"userid":"2016121288yiqiang","cmd":"open","deviceid":"630071787127","serialnum":1489565742,"sign":"65cdf27b115e864c392a7533ac82392d"}
2017-03-15 16:15:42 
2017-03-15 16:16:52 {"userid":"2016121288yiqiang","cmd":"open","deviceid":"063072619956","serialnum":1489565812,"sign":"4b39326c7b1a015f11544c64bcb98b4e"}
2017-03-15 16:16:52 
2017-03-15 16:22:43 {"userid":"2016121288yiqiang","cmd":"open","deviceid":"063072998145","serialnum":1489566163,"sign":"79d08f96040460d5ee21de9c3955d6d5"}
2017-03-15 16:22:43 
2017-03-15 16:25:18 {"userid":"2016121288yiqiang","cmd":"open","deviceid":"063072998145","serialnum":1489566318,"sign":"1d0643cc958054beaaa8477e3af25976"}
2017-03-15 16:25:18 
2017-03-15 16:27:59 {"userid":"2016121288yiqiang","cmd":"open","deviceid":"063072998145","serialnum":1489566479,"sign":"f9bde331e47800a42042baee27653a7d"}
2017-03-15 16:27:59 
2017-03-15 16:35:44 {"userid":"2016121288yiqiang","cmd":"open","deviceid":"063072998145","serialnum":1489566944,"sign":"b0837c68fe38993593e92ef87ae9244e"}
2017-03-15 16:35:44 
2017-03-15 16:39:36 {"userid":"2016121288yiqiang","cmd":"open","deviceid":"063072998145","serialnum":1489567176,"sign":"b774ba3982d7ab3a86daa5575f100c25"}
2017-03-15 16:39:36 
2017-03-15 16:51:54 {"userid":"2016121288yiqiang","cmd":"open","deviceid":"063072623776","serialnum":1489567914,"sign":"31be9e4354422d1336893f524414eb3e"}
2017-03-15 16:51:54 
2017-03-15 16:54:43 {"userid":"2016121288yiqiang","cmd":"open","deviceid":"063072623776","serialnum":1489568083,"sign":"ea35d1d5097c1c76a56b5c8f2ef2ccb2"}
2017-03-15 16:54:43 
2017-03-15 16:57:55 {"userid":"2016121288yiqiang","cmd":"open","deviceid":"063072623776","serialnum":1489568275,"sign":"09d35af04ae75631a7e351a222af060e"}
2017-03-15 16:57:56 
2017-03-15 17:02:26 {"userid":"2016121288yiqiang","cmd":"open","deviceid":"063072623776","serialnum":1489568546,"sign":"a1d1f960925ae5d0e094489d1abeb3af"}
2017-03-15 17:02:26 
2017-03-15 17:07:56 {"userid":"2016121288yiqiang","cmd":"open","deviceid":"063072623776","serialnum":1489568876,"sign":"d52eb751b8c155ccfed658b8477cec98"}
2017-03-15 17:07:56 
2017-03-15 17:13:28 {"userid":"2016121288yiqiang","cmd":"open","deviceid":"063072942572","serialnum":1489569208,"sign":"fff44e781e2760826c6e7a305eb56a27"}
2017-03-15 17:13:28 
2017-03-15 17:19:42 {"userid":"2016121288yiqiang","cmd":"open","deviceid":"063072942572","serialnum":1489569582,"sign":"4114c394d4384d1078fdeb163d865fdf"}
2017-03-15 17:19:42 
2017-03-15 17:21:45 {"userid":"2016121288yiqiang","cmd":"open","deviceid":"063072942572","serialnum":1489569705,"sign":"7752d92abc0cdd796e9c9a5c4d924563"}
2017-03-15 17:21:45 
2017-03-15 17:22:38 {"userid":"2016121288yiqiang","cmd":"open","deviceid":"630071787127","serialnum":1489569758,"sign":"85a9aedc627163209d1e968ef9c7632e"}
2017-03-15 17:22:38 
2017-03-15 17:26:19 {"userid":"2016121288yiqiang","cmd":"open","deviceid":"063072942572","serialnum":1489569979,"sign":"2657864835aa3bbc7fe43d638b0c47ef"}
2017-03-15 17:26:19 
2017-03-15 17:28:16 {"userid":"2016121288yiqiang","cmd":"open","deviceid":"063072942572","serialnum":1489570096,"sign":"ea58f224e63689e1e794c0819f746f01"}
2017-03-15 17:28:16 
2017-03-15 17:48:47 {"userid":"2016121288yiqiang","cmd":"open","deviceid":"630071787127","serialnum":1489571327,"sign":"7f4a8d307af97c5477a1b01fb6f21334"}
2017-03-15 17:48:47 
2017-03-15 18:27:27 {"userid":"2016121288yiqiang","cmd":"open","deviceid":"063072624246","serialnum":1489573647,"sign":"fb52e5c080df6a4e88becd0db632fd21"}
2017-03-15 18:27:27 
2017-03-15 18:31:42 {"userid":"2016121288yiqiang","cmd":"open","deviceid":"063072619956","serialnum":1489573902,"sign":"9bc822bb429838c1f3c7666554d57516"}
2017-03-15 18:31:42 
2017-03-15 18:32:02 {"userid":"2016121288yiqiang","cmd":"open","deviceid":"063072619956","serialnum":1489573922,"sign":"602a128c46019fd4ff8d77f950e0499a"}
2017-03-15 18:32:02 
2017-03-15 18:35:42 {"userid":"2016121288yiqiang","cmd":"open","deviceid":"063072624246","serialnum":1489574142,"sign":"676c12463db0e41f2d44ba7fb8d73dd2"}
2017-03-15 18:35:42 
2017-03-15 18:37:19 {"userid":"2016121288yiqiang","cmd":"open","deviceid":"063072624246","serialnum":1489574239,"sign":"d76418188c0442dd4bcc770c8448a6fd"}
2017-03-15 18:37:19 
2017-03-15 18:39:40 {"userid":"2016121288yiqiang","cmd":"open","deviceid":"063072624246","serialnum":1489574380,"sign":"2054f4e3cb691d0a16eab9121c7c4c94"}
2017-03-15 18:39:40 
2017-03-15 19:18:26 {"userid":"2016121288yiqiang","cmd":"open","deviceid":"063072624246","serialnum":1489576706,"sign":"2e9c1e3084ac7c9ff22c5e6267a8d623"}
2017-03-15 19:18:26 
2017-03-15 20:12:15 {"userid":"2016121288yiqiang","cmd":"open","deviceid":"063072619956","serialnum":1489579935,"sign":"dae92da7dff20f5b584d4647ae09f493"}
2017-03-15 20:12:16 
2017-03-15 20:22:04 {"userid":"2016121288yiqiang","cmd":"open","deviceid":"063072619956","serialnum":1489580524,"sign":"e1b1e1d4021a92c20ff6768c2407397f"}
2017-03-15 20:22:04 
2017-03-15 20:30:31 {"userid":"2016121288yiqiang","cmd":"open","deviceid":"063072619956","serialnum":1489581031,"sign":"9d73df4f2ceaae4c36847e605cad613d"}
2017-03-15 20:30:31 
2017-03-15 20:37:39 {"userid":"2016121288yiqiang","cmd":"open","deviceid":"063072632892","serialnum":1489581459,"sign":"4a2693990be17c95169d921392c13617"}
2017-03-15 20:37:39 
2017-03-15 20:53:28 {"userid":"2016121288yiqiang","cmd":"open","deviceid":"063072619956","serialnum":1489582408,"sign":"1f81b8fe8704c7f712dfb8a97690b225"}
2017-03-15 20:53:28 
2017-03-15 20:57:42 {"userid":"2016121288yiqiang","cmd":"open","deviceid":"063072619956","serialnum":1489582662,"sign":"6df25a746245719b85b9046e107934db"}
2017-03-15 20:57:42 
2017-03-15 20:58:12 {"userid":"2016121288yiqiang","cmd":"open","deviceid":"063072623776","serialnum":1489582692,"sign":"6200a2a9003238deaf97b0a084eeaa46"}
2017-03-15 20:58:12 
2017-03-15 20:58:38 {"userid":"2016121288yiqiang","cmd":"open","deviceid":"063072998145","serialnum":1489582718,"sign":"365271b707bae52546ee7b4dcbd35706"}
2017-03-15 20:58:38 
2017-03-15 20:59:12 {"userid":"2016121288yiqiang","cmd":"open","deviceid":"063072942572","serialnum":1489582752,"sign":"3333c0c4f18e78ca258169512e4ca123"}
2017-03-15 20:59:12 
2017-03-15 20:59:53 {"userid":"2016121288yiqiang","cmd":"open","deviceid":"063072913722","serialnum":1489582793,"sign":"aea338b5beb077b2a4e9852bc0971091"}
2017-03-15 20:59:53 
2017-03-15 21:00:23 {"userid":"2016121288yiqiang","cmd":"open","deviceid":"063072620632","serialnum":1489582823,"sign":"527b397a30d67e57b6005753fc596e97"}
2017-03-15 21:00:23 
2017-03-15 21:03:00 {"userid":"2016121288yiqiang","cmd":"open","deviceid":"063072619956","serialnum":1489582980,"sign":"a29a440d96b070391ba30c98828e7d3e"}
2017-03-15 21:03:00 
2017-03-15 21:21:28 {"userid":"2016121288yiqiang","cmd":"open","deviceid":"063072619956","serialnum":1489584088,"sign":"d191d95cf76ccc156cc3945b1245a634"}
2017-03-15 21:21:28 
2017-03-15 21:40:18 {"userid":"2016121288yiqiang","cmd":"open","deviceid":"063072624246","serialnum":1489585218,"sign":"7d79646a0e23ff283bae293814d828e8"}
2017-03-15 21:40:18 
2017-03-15 21:41:03 {"userid":"2016121288yiqiang","cmd":"open","deviceid":"063072619956","serialnum":1489585263,"sign":"3cb5be30f72e523385c4b064ce9c6c06"}
2017-03-15 21:41:03 
2017-03-15 23:29:32 {"userid":"2016121288yiqiang","cmd":"open","deviceid":"063072624246","serialnum":1489591772,"sign":"346a305c5f129c0c184862f8d3a76274"}
2017-03-15 23:29:32 
2017-03-15 23:38:23 {"userid":"2016121288yiqiang","cmd":"open","deviceid":"630071787127","serialnum":1489592303,"sign":"e1733dce5dbfdf4ec85510ef3a0234a5"}
2017-03-15 23:38:23 
2017-03-16 01:34:56 {"userid":"2016121288yiqiang","cmd":"open","deviceid":"063072624246","serialnum":1489599296,"sign":"7b5b68ab09138722bd37ad647ebc9711"}
2017-03-16 01:34:56 
2017-03-16 09:19:18 {"userid":"2016121288yiqiang","cmd":"open","deviceid":"630071787127","serialnum":1489627158,"sign":"8be5963d7075ca49183b11522bf53d8c"}
2017-03-16 09:19:18 
2017-03-16 09:19:33 {"userid":"2016121288yiqiang","cmd":"open","deviceid":"630071787127","serialnum":1489627173,"sign":"7a021d06e43381fac32b65f9e006fa20"}
2017-03-16 09:19:33 
2017-03-16 10:16:41 {"userid":"2016121288yiqiang","cmd":"beep","deviceid":"063072619956","serialnum":1489630601,"sign":"04571fb4e10f97b01622a417870df0ad"}
2017-03-16 10:16:41 
2017-03-16 12:30:56 {"userid":"2016121288yiqiang","cmd":"open","deviceid":"630071787127","serialnum":1489638656,"sign":"7e83919891a8c3ba9c2dd526ac819f14"}
2017-03-16 12:30:56 
2017-03-16 15:23:19 {"userid":"2016121288yiqiang","cmd":"open","deviceid":"630071787127","serialnum":1489648999,"sign":"4a3edcbfbb4b7b94c1fd4cbc9ea867af"}
2017-03-16 15:23:19 
2017-03-16 15:59:37 {"userid":"2016121288yiqiang","cmd":"open","deviceid":"063072624246","serialnum":1489651177,"sign":"5aab7534d4bc9d62fb591de8cd34be16"}
2017-03-16 15:59:37 
2017-03-16 17:49:27 {"userid":"2016121288yiqiang","cmd":"open","deviceid":"630071787127","serialnum":1489657767,"sign":"9dae1bc42ef22c47aaac21ffaf11dbc7"}
2017-03-16 17:49:27 
2017-03-16 17:52:36 {"userid":"2016121288yiqiang","cmd":"open","deviceid":"630071787127","serialnum":1489657956,"sign":"2cca5814256a95290c8a086f8c706c4d"}
2017-03-16 17:52:36 
2017-03-16 19:57:03 {"userid":"2016121288yiqiang","cmd":"open","deviceid":"063072619956","serialnum":1489665423,"sign":"0baaedf3da7797f575df6d96bf5a4228"}
2017-03-16 19:57:03 
